2022-06-23 13:16:35,241 INFO  [restartedMain] com.tpe.SpringBootIntroApplication:Starting SpringBootIntroApplication using Java 17.0.2 on DESKTOP-1U063IB with PID 15608 (C:\Users\Furkan\Documents\workspace-spring-tool-suite-4-4.14.1.RELEASE\spring-boot-intro\target\classes started by Furkan in C:\Users\Furkan\Documents\workspace-spring-tool-suite-4-4.14.1.RELEASE\spring-boot-intro)
2022-06-23 13:16:35,244 DEBUG [restartedMain] com.tpe.SpringBootIntroApplication:Running with Spring Boot v2.6.8, Spring v5.3.20
2022-06-23 13:16:35,244 INFO  [restartedMain] com.tpe.SpringBootIntroApplication:No active profile set, falling back to 1 default profile: "default"
2022-06-23 13:16:35,274 INFO  [restartedMain] org.springframework.boot.devtools.env.DevToolsPropertyDefaultsPostProcessor:Devtools property defaults active! Set 'spring.devtools.add-properties' to 'false' to disable
2022-06-23 13:16:35,274 INFO  [restartedMain] org.springframework.boot.devtools.env.DevToolsPropertyDefaultsPostProcessor:For additional web related logging consider setting the 'logging.level.web' property to 'DEBUG'
2022-06-23 13:16:35,915 INFO  [restartedMain] org.springframework.data.repository.config.RepositoryConfigurationDelegate:Bootstrapping Spring Data JPA repositories in DEFAULT mode.
2022-06-23 13:16:35,955 INFO  [restartedMain] org.springframework.data.repository.config.RepositoryConfigurationDelegate:Finished Spring Data repository scanning in 33 ms. Found 1 JPA repository interfaces.
2022-06-23 13:16:36,475 INFO  [restartedMain] org.springframework.boot.web.embedded.tomcat.TomcatWebServer:Tomcat initialized with port(s): 8080 (http)
2022-06-23 13:16:36,483 INFO  [restartedMain] org.apache.catalina.core.StandardService:Starting service [Tomcat]
2022-06-23 13:16:36,483 INFO  [restartedMain] org.apache.catalina.core.StandardEngine:Starting Servlet engine: [Apache Tomcat/9.0.63]
2022-06-23 13:16:36,556 INFO  [restartedMain] org.apache.catalina.core.ContainerBase.[Tomcat].[localhost].[/]:Initializing Spring embedded WebApplicationContext
2022-06-23 13:16:36,556 INFO  [restartedMain] org.springframework.boot.web.servlet.context.ServletWebServerApplicationContext:Root WebApplicationContext: initialization completed in 1281 ms
2022-06-23 13:16:36,791 INFO  [restartedMain] org.hibernate.jpa.internal.util.LogHelper:HHH000204: Processing PersistenceUnitInfo [name: default]
2022-06-23 13:16:36,838 INFO  [restartedMain] org.hibernate.Version:HHH000412: Hibernate ORM core version 5.6.9.Final
2022-06-23 13:16:36,984 INFO  [restartedMain] org.hibernate.annotations.common.Version:HCANN000001: Hibernate Commons Annotations {5.1.2.Final}
2022-06-23 13:16:37,066 INFO  [restartedMain] com.zaxxer.hikari.HikariDataSource:HikariPool-1 - Starting...
2022-06-23 13:16:37,272 INFO  [restartedMain] com.zaxxer.hikari.HikariDataSource:HikariPool-1 - Start completed.
2022-06-23 13:16:37,286 INFO  [restartedMain] org.hibernate.dialect.Dialect:HHH000400: Using dialect: org.hibernate.dialect.MySQL8Dialect
2022-06-23 13:16:37,823 INFO  [restartedMain] org.hibernate.engine.transaction.jta.platform.internal.JtaPlatformInitiator:HHH000490: Using JtaPlatform implementation: [org.hibernate.engine.transaction.jta.platform.internal.NoJtaPlatform]
2022-06-23 13:16:37,829 INFO  [restartedMain] org.springframework.orm.jpa.LocalContainerEntityManagerFactoryBean:Initialized JPA EntityManagerFactory for persistence unit 'default'
2022-06-23 13:16:38,147 WARN  [restartedMain] org.springframework.boot.autoconfigure.orm.jpa.JpaBaseConfiguration$JpaWebConfiguration:spring.jpa.open-in-view is enabled by default. Therefore, database queries may be performed during view rendering. Explicitly configure spring.jpa.open-in-view to disable this warning
2022-06-23 13:16:38,478 INFO  [restartedMain] org.springframework.security.web.DefaultSecurityFilterChain:Will secure any request with [org.springframework.security.web.context.request.async.WebAsyncManagerIntegrationFilter@47fb9051, org.springframework.security.web.context.SecurityContextPersistenceFilter@2b9fd567, org.springframework.security.web.header.HeaderWriterFilter@3e666e7a, org.springframework.security.web.csrf.CsrfFilter@61db89b7, org.springframework.security.web.authentication.logout.LogoutFilter@343a213, org.springframework.security.web.authentication.www.BasicAuthenticationFilter@1866073b, org.springframework.security.web.savedrequest.RequestCacheAwareFilter@7c031ec7, org.springframework.security.web.servletapi.SecurityContextHolderAwareRequestFilter@468c3f63, org.springframework.security.web.authentication.AnonymousAuthenticationFilter@20ee1b09, org.springframework.security.web.session.SessionManagementFilter@6df8f075, org.springframework.security.web.access.ExceptionTranslationFilter@22adc524, org.springframework.security.web.access.intercept.FilterSecurityInterceptor@4b8fd491]
2022-06-23 13:16:38,806 INFO  [restartedMain] org.springframework.boot.devtools.autoconfigure.OptionalLiveReloadServer:LiveReload server is running on port 35729
2022-06-23 13:16:38,810 INFO  [restartedMain] org.springframework.boot.actuate.endpoint.web.EndpointLinksResolver:Exposing 1 endpoint(s) beneath base path '/actuator'
2022-06-23 13:16:38,844 INFO  [restartedMain] org.springframework.boot.web.embedded.tomcat.TomcatWebServer:Tomcat started on port(s): 8080 (http) with context path ''
2022-06-23 13:16:38,855 INFO  [restartedMain] com.tpe.SpringBootIntroApplication:Started SpringBootIntroApplication in 3.888 seconds (JVM running for 4.376)
2022-06-23 13:16:40,569 INFO  [RMI TCP Connection(3)-127.0.0.1] org.apache.catalina.core.ContainerBase.[Tomcat].[localhost].[/]:Initializing Spring DispatcherServlet 'dispatcherServlet'
2022-06-23 16:02:11,681 WARN  [HikariPool-1 housekeeper] com.zaxxer.hikari.pool.HikariPool:HikariPool-1 - Thread starvation or clock leap detected (housekeeper delta=1h39m3s257ms967µs400ns).
2022-06-23 16:52:28,890 INFO  [Thread-5] org.springframework.orm.jpa.LocalContainerEntityManagerFactoryBean:Closing JPA EntityManagerFactory for persistence unit 'default'
2022-06-23 16:52:28,893 INFO  [Thread-5] com.zaxxer.hikari.HikariDataSource:HikariPool-1 - Shutdown initiated...
2022-06-23 16:52:28,897 INFO  [Thread-5] com.zaxxer.hikari.HikariDataSource:HikariPool-1 - Shutdown completed.
2022-06-23 16:52:28,973 INFO  [restartedMain] com.tpe.SpringBootIntroApplication:Starting SpringBootIntroApplication using Java 17.0.2 on DESKTOP-1U063IB with PID 15608 (C:\Users\Furkan\Documents\workspace-spring-tool-suite-4-4.14.1.RELEASE\spring-boot-intro\target\classes started by Furkan in C:\Users\Furkan\Documents\workspace-spring-tool-suite-4-4.14.1.RELEASE\spring-boot-intro)
2022-06-23 16:52:28,973 DEBUG [restartedMain] com.tpe.SpringBootIntroApplication:Running with Spring Boot v2.6.8, Spring v5.3.20
2022-06-23 16:52:28,973 INFO  [restartedMain] com.tpe.SpringBootIntroApplication:No active profile set, falling back to 1 default profile: "default"
2022-06-23 16:52:29,202 INFO  [restartedMain] org.springframework.data.repository.config.RepositoryConfigurationDelegate:Bootstrapping Spring Data JPA repositories in DEFAULT mode.
2022-06-23 16:52:29,211 INFO  [restartedMain] org.springframework.data.repository.config.RepositoryConfigurationDelegate:Finished Spring Data repository scanning in 9 ms. Found 1 JPA repository interfaces.
2022-06-23 16:52:29,316 INFO  [restartedMain] org.springframework.boot.web.embedded.tomcat.TomcatWebServer:Tomcat initialized with port(s): 8080 (http)
2022-06-23 16:52:29,317 INFO  [restartedMain] org.apache.catalina.core.StandardService:Starting service [Tomcat]
2022-06-23 16:52:29,317 INFO  [restartedMain] org.apache.catalina.core.StandardEngine:Starting Servlet engine: [Apache Tomcat/9.0.63]
2022-06-23 16:52:29,339 INFO  [restartedMain] org.apache.catalina.core.ContainerBase.[Tomcat].[localhost].[/]:Initializing Spring embedded WebApplicationContext
2022-06-23 16:52:29,339 INFO  [restartedMain] org.springframework.boot.web.servlet.context.ServletWebServerApplicationContext:Root WebApplicationContext: initialization completed in 364 ms
2022-06-23 16:52:29,402 INFO  [restartedMain] org.hibernate.jpa.internal.util.LogHelper:HHH000204: Processing PersistenceUnitInfo [name: default]
2022-06-23 16:52:29,406 INFO  [restartedMain] com.zaxxer.hikari.HikariDataSource:HikariPool-2 - Starting...
2022-06-23 16:52:29,414 INFO  [restartedMain] com.zaxxer.hikari.HikariDataSource:HikariPool-2 - Start completed.
2022-06-23 16:52:29,415 INFO  [restartedMain] org.hibernate.dialect.Dialect:HHH000400: Using dialect: org.hibernate.dialect.MySQL8Dialect
2022-06-23 16:52:29,456 INFO  [restartedMain] org.hibernate.engine.transaction.jta.platform.internal.JtaPlatformInitiator:HHH000490: Using JtaPlatform implementation: [org.hibernate.engine.transaction.jta.platform.internal.NoJtaPlatform]
2022-06-23 16:52:29,456 INFO  [restartedMain] org.springframework.orm.jpa.LocalContainerEntityManagerFactoryBean:Initialized JPA EntityManagerFactory for persistence unit 'default'
2022-06-23 16:52:29,542 WARN  [restartedMain] org.springframework.boot.autoconfigure.orm.jpa.JpaBaseConfiguration$JpaWebConfiguration:spring.jpa.open-in-view is enabled by default. Therefore, database queries may be performed during view rendering. Explicitly configure spring.jpa.open-in-view to disable this warning
2022-06-23 16:52:29,779 INFO  [restartedMain] org.springframework.security.web.DefaultSecurityFilterChain:Will secure any request with [org.springframework.security.web.context.request.async.WebAsyncManagerIntegrationFilter@484e3208, org.springframework.security.web.context.SecurityContextPersistenceFilter@4fa9015a, org.springframework.security.web.header.HeaderWriterFilter@5e5cdda0, org.springframework.security.web.csrf.CsrfFilter@427653bb, org.springframework.security.web.authentication.logout.LogoutFilter@1b5c7635, org.springframework.security.web.authentication.www.BasicAuthenticationFilter@6425321a, org.springframework.security.web.savedrequest.RequestCacheAwareFilter@85bfc47, org.springframework.security.web.servletapi.SecurityContextHolderAwareRequestFilter@30d29131, org.springframework.security.web.authentication.AnonymousAuthenticationFilter@60588291, org.springframework.security.web.session.SessionManagementFilter@3fb2769c, org.springframework.security.web.access.ExceptionTranslationFilter@7f809a9, org.springframework.security.web.access.intercept.FilterSecurityInterceptor@6f756740]
2022-06-23 16:52:29,943 INFO  [restartedMain] org.springframework.boot.devtools.autoconfigure.OptionalLiveReloadServer:LiveReload server is running on port 35729
2022-06-23 16:52:29,946 INFO  [restartedMain] org.springframework.boot.actuate.endpoint.web.EndpointLinksResolver:Exposing 1 endpoint(s) beneath base path '/actuator'
2022-06-23 16:52:29,972 INFO  [restartedMain] org.springframework.boot.web.embedded.tomcat.TomcatWebServer:Tomcat started on port(s): 8080 (http) with context path ''
2022-06-23 16:52:29,979 INFO  [restartedMain] com.tpe.SpringBootIntroApplication:Started SpringBootIntroApplication in 1.036 seconds (JVM running for 12955.51)
2022-06-23 16:52:29,981 INFO  [restartedMain] org.springframework.boot.devtools.autoconfigure.ConditionEvaluationDeltaLoggingListener:Condition evaluation unchanged
2022-06-23 16:56:33,283 INFO  [Thread-7] org.springframework.orm.jpa.LocalContainerEntityManagerFactoryBean:Closing JPA EntityManagerFactory for persistence unit 'default'
2022-06-23 16:56:33,284 INFO  [Thread-7] com.zaxxer.hikari.HikariDataSource:HikariPool-2 - Shutdown initiated...
2022-06-23 16:56:33,286 INFO  [Thread-7] com.zaxxer.hikari.HikariDataSource:HikariPool-2 - Shutdown completed.
2022-06-23 16:56:33,343 INFO  [restartedMain] com.tpe.SpringBootIntroApplication:Starting SpringBootIntroApplication using Java 17.0.2 on DESKTOP-1U063IB with PID 15608 (C:\Users\Furkan\Documents\workspace-spring-tool-suite-4-4.14.1.RELEASE\spring-boot-intro\target\classes started by Furkan in C:\Users\Furkan\Documents\workspace-spring-tool-suite-4-4.14.1.RELEASE\spring-boot-intro)
2022-06-23 16:56:33,343 DEBUG [restartedMain] com.tpe.SpringBootIntroApplication:Running with Spring Boot v2.6.8, Spring v5.3.20
2022-06-23 16:56:33,343 INFO  [restartedMain] com.tpe.SpringBootIntroApplication:No active profile set, falling back to 1 default profile: "default"
2022-06-23 16:56:33,557 INFO  [restartedMain] org.springframework.data.repository.config.RepositoryConfigurationDelegate:Bootstrapping Spring Data JPA repositories in DEFAULT mode.
2022-06-23 16:56:33,566 INFO  [restartedMain] org.springframework.data.repository.config.RepositoryConfigurationDelegate:Finished Spring Data repository scanning in 9 ms. Found 1 JPA repository interfaces.
2022-06-23 16:56:33,646 INFO  [restartedMain] org.springframework.boot.web.embedded.tomcat.TomcatWebServer:Tomcat initialized with port(s): 8080 (http)
2022-06-23 16:56:33,647 INFO  [restartedMain] org.apache.catalina.core.StandardService:Starting service [Tomcat]
2022-06-23 16:56:33,647 INFO  [restartedMain] org.apache.catalina.core.StandardEngine:Starting Servlet engine: [Apache Tomcat/9.0.63]
2022-06-23 16:56:33,666 INFO  [restartedMain] org.apache.catalina.core.ContainerBase.[Tomcat].[localhost].[/]:Initializing Spring embedded WebApplicationContext
2022-06-23 16:56:33,667 INFO  [restartedMain] org.springframework.boot.web.servlet.context.ServletWebServerApplicationContext:Root WebApplicationContext: initialization completed in 322 ms
2022-06-23 16:56:33,729 INFO  [restartedMain] org.hibernate.jpa.internal.util.LogHelper:HHH000204: Processing PersistenceUnitInfo [name: default]
2022-06-23 16:56:33,734 INFO  [restartedMain] com.zaxxer.hikari.HikariDataSource:HikariPool-3 - Starting...
2022-06-23 16:56:33,742 INFO  [restartedMain] com.zaxxer.hikari.HikariDataSource:HikariPool-3 - Start completed.
2022-06-23 16:56:33,743 INFO  [restartedMain] org.hibernate.dialect.Dialect:HHH000400: Using dialect: org.hibernate.dialect.MySQL8Dialect
2022-06-23 16:56:33,781 INFO  [restartedMain] org.hibernate.engine.transaction.jta.platform.internal.JtaPlatformInitiator:HHH000490: Using JtaPlatform implementation: [org.hibernate.engine.transaction.jta.platform.internal.NoJtaPlatform]
2022-06-23 16:56:33,781 INFO  [restartedMain] org.springframework.orm.jpa.LocalContainerEntityManagerFactoryBean:Initialized JPA EntityManagerFactory for persistence unit 'default'
2022-06-23 16:56:33,879 WARN  [restartedMain] org.springframework.boot.autoconfigure.orm.jpa.JpaBaseConfiguration$JpaWebConfiguration:spring.jpa.open-in-view is enabled by default. Therefore, database queries may be performed during view rendering. Explicitly configure spring.jpa.open-in-view to disable this warning
2022-06-23 16:56:34,117 INFO  [restartedMain] org.springframework.security.web.DefaultSecurityFilterChain:Will secure any request with [org.springframework.security.web.context.request.async.WebAsyncManagerIntegrationFilter@3a3fb22e, org.springframework.security.web.context.SecurityContextPersistenceFilter@1fb63a8c, org.springframework.security.web.header.HeaderWriterFilter@1b219a20, org.springframework.security.web.csrf.CsrfFilter@36f13cf7, org.springframework.security.web.authentication.logout.LogoutFilter@389280e3, org.springframework.security.web.authentication.www.BasicAuthenticationFilter@a3ad2d5, org.springframework.security.web.savedrequest.RequestCacheAwareFilter@5c1c7698, org.springframework.security.web.servletapi.SecurityContextHolderAwareRequestFilter@4bfb17a1, org.springframework.security.web.authentication.AnonymousAuthenticationFilter@755b1989, org.springframework.security.web.session.SessionManagementFilter@209fbcec, org.springframework.security.web.access.ExceptionTranslationFilter@3fdf96d4, org.springframework.security.web.access.intercept.FilterSecurityInterceptor@4b8880c3]
2022-06-23 16:56:34,275 INFO  [restartedMain] org.springframework.boot.devtools.autoconfigure.OptionalLiveReloadServer:LiveReload server is running on port 35729
2022-06-23 16:56:34,278 INFO  [restartedMain] org.springframework.boot.actuate.endpoint.web.EndpointLinksResolver:Exposing 1 endpoint(s) beneath base path '/actuator'
2022-06-23 16:56:34,299 INFO  [restartedMain] org.springframework.boot.web.embedded.tomcat.TomcatWebServer:Tomcat started on port(s): 8080 (http) with context path ''
2022-06-23 16:56:34,305 INFO  [restartedMain] com.tpe.SpringBootIntroApplication:Started SpringBootIntroApplication in 0.986 seconds (JVM running for 13199.836)
2022-06-23 16:56:34,307 INFO  [restartedMain] org.springframework.boot.devtools.autoconfigure.ConditionEvaluationDeltaLoggingListener:Condition evaluation unchanged
2022-06-23 16:57:08,721 INFO  [http-nio-8080-exec-2] org.apache.catalina.core.ContainerBase.[Tomcat].[localhost].[/]:Initializing Spring DispatcherServlet 'dispatcherServlet'
2022-06-23 16:59:06,132 INFO  [Thread-11] org.springframework.orm.jpa.LocalContainerEntityManagerFactoryBean:Closing JPA EntityManagerFactory for persistence unit 'default'
2022-06-23 16:59:06,132 INFO  [Thread-11] com.zaxxer.hikari.HikariDataSource:HikariPool-3 - Shutdown initiated...
2022-06-23 16:59:06,134 INFO  [Thread-11] com.zaxxer.hikari.HikariDataSource:HikariPool-3 - Shutdown completed.
2022-06-23 16:59:06,186 INFO  [restartedMain] com.tpe.SpringBootIntroApplication:Starting SpringBootIntroApplication using Java 17.0.2 on DESKTOP-1U063IB with PID 15608 (C:\Users\Furkan\Documents\workspace-spring-tool-suite-4-4.14.1.RELEASE\spring-boot-intro\target\classes started by Furkan in C:\Users\Furkan\Documents\workspace-spring-tool-suite-4-4.14.1.RELEASE\spring-boot-intro)
2022-06-23 16:59:06,186 DEBUG [restartedMain] com.tpe.SpringBootIntroApplication:Running with Spring Boot v2.6.8, Spring v5.3.20
2022-06-23 16:59:06,186 INFO  [restartedMain] com.tpe.SpringBootIntroApplication:No active profile set, falling back to 1 default profile: "default"
2022-06-23 16:59:06,372 INFO  [restartedMain] org.springframework.data.repository.config.RepositoryConfigurationDelegate:Bootstrapping Spring Data JPA repositories in DEFAULT mode.
2022-06-23 16:59:06,380 INFO  [restartedMain] org.springframework.data.repository.config.RepositoryConfigurationDelegate:Finished Spring Data repository scanning in 8 ms. Found 1 JPA repository interfaces.
2022-06-23 16:59:06,447 INFO  [restartedMain] org.springframework.boot.web.embedded.tomcat.TomcatWebServer:Tomcat initialized with port(s): 8080 (http)
2022-06-23 16:59:06,448 INFO  [restartedMain] org.apache.catalina.core.StandardService:Starting service [Tomcat]
2022-06-23 16:59:06,448 INFO  [restartedMain] org.apache.catalina.core.StandardEngine:Starting Servlet engine: [Apache Tomcat/9.0.63]
2022-06-23 16:59:06,467 INFO  [restartedMain] org.apache.catalina.core.ContainerBase.[Tomcat].[localhost].[/]:Initializing Spring embedded WebApplicationContext
2022-06-23 16:59:06,467 INFO  [restartedMain] org.springframework.boot.web.servlet.context.ServletWebServerApplicationContext:Root WebApplicationContext: initialization completed in 279 ms
2022-06-23 16:59:06,520 INFO  [restartedMain] org.hibernate.jpa.internal.util.LogHelper:HHH000204: Processing PersistenceUnitInfo [name: default]
2022-06-23 16:59:06,527 INFO  [restartedMain] com.zaxxer.hikari.HikariDataSource:HikariPool-4 - Starting...
2022-06-23 16:59:06,535 INFO  [restartedMain] com.zaxxer.hikari.HikariDataSource:HikariPool-4 - Start completed.
2022-06-23 16:59:06,536 INFO  [restartedMain] org.hibernate.dialect.Dialect:HHH000400: Using dialect: org.hibernate.dialect.MySQL8Dialect
2022-06-23 16:59:06,569 INFO  [restartedMain] org.hibernate.engine.transaction.jta.platform.internal.JtaPlatformInitiator:HHH000490: Using JtaPlatform implementation: [org.hibernate.engine.transaction.jta.platform.internal.NoJtaPlatform]
2022-06-23 16:59:06,569 INFO  [restartedMain] org.springframework.orm.jpa.LocalContainerEntityManagerFactoryBean:Initialized JPA EntityManagerFactory for persistence unit 'default'
2022-06-23 16:59:06,642 WARN  [restartedMain] org.springframework.boot.autoconfigure.orm.jpa.JpaBaseConfiguration$JpaWebConfiguration:spring.jpa.open-in-view is enabled by default. Therefore, database queries may be performed during view rendering. Explicitly configure spring.jpa.open-in-view to disable this warning
2022-06-23 16:59:06,876 INFO  [restartedMain] org.springframework.security.web.DefaultSecurityFilterChain:Will secure any request with [org.springframework.security.web.context.request.async.WebAsyncManagerIntegrationFilter@8363a77, org.springframework.security.web.context.SecurityContextPersistenceFilter@373415d, org.springframework.security.web.header.HeaderWriterFilter@1b127f78, org.springframework.security.web.csrf.CsrfFilter@3f46f1be, org.springframework.security.web.authentication.logout.LogoutFilter@59361379, org.springframework.security.web.authentication.www.BasicAuthenticationFilter@317a867d, org.springframework.security.web.savedrequest.RequestCacheAwareFilter@475c42f2, org.springframework.security.web.servletapi.SecurityContextHolderAwareRequestFilter@4fbd1cde, org.springframework.security.web.authentication.AnonymousAuthenticationFilter@48e10099, org.springframework.security.web.session.SessionManagementFilter@bb08a94, org.springframework.security.web.access.ExceptionTranslationFilter@356e20a9, org.springframework.security.web.access.intercept.FilterSecurityInterceptor@c10ee5a]
2022-06-23 16:59:07,019 INFO  [restartedMain] org.springframework.boot.devtools.autoconfigure.OptionalLiveReloadServer:LiveReload server is running on port 35729
2022-06-23 16:59:07,025 INFO  [restartedMain] org.springframework.boot.actuate.endpoint.web.EndpointLinksResolver:Exposing 1 endpoint(s) beneath base path '/actuator'
2022-06-23 16:59:07,045 INFO  [restartedMain] org.springframework.boot.web.embedded.tomcat.TomcatWebServer:Tomcat started on port(s): 8080 (http) with context path ''
2022-06-23 16:59:07,051 INFO  [restartedMain] com.tpe.SpringBootIntroApplication:Started SpringBootIntroApplication in 0.883 seconds (JVM running for 13352.582)
2022-06-23 16:59:07,052 INFO  [restartedMain] org.springframework.boot.devtools.autoconfigure.ConditionEvaluationDeltaLoggingListener:Condition evaluation unchanged
2022-06-23 16:59:32,867 INFO  [http-nio-8080-exec-2] org.apache.catalina.core.ContainerBase.[Tomcat].[localhost].[/]:Initializing Spring DispatcherServlet 'dispatcherServlet'
2022-06-23 17:12:22,411 INFO  [Thread-15] org.springframework.orm.jpa.LocalContainerEntityManagerFactoryBean:Closing JPA EntityManagerFactory for persistence unit 'default'
2022-06-23 17:12:22,411 INFO  [Thread-15] com.zaxxer.hikari.HikariDataSource:HikariPool-4 - Shutdown initiated...
2022-06-23 17:12:22,414 INFO  [Thread-15] com.zaxxer.hikari.HikariDataSource:HikariPool-4 - Shutdown completed.
2022-06-23 17:12:22,467 INFO  [restartedMain] com.tpe.SpringBootIntroApplication:Starting SpringBootIntroApplication using Java 17.0.2 on DESKTOP-1U063IB with PID 15608 (C:\Users\Furkan\Documents\workspace-spring-tool-suite-4-4.14.1.RELEASE\spring-boot-intro\target\classes started by Furkan in C:\Users\Furkan\Documents\workspace-spring-tool-suite-4-4.14.1.RELEASE\spring-boot-intro)
2022-06-23 17:12:22,467 DEBUG [restartedMain] com.tpe.SpringBootIntroApplication:Running with Spring Boot v2.6.8, Spring v5.3.20
2022-06-23 17:12:22,467 INFO  [restartedMain] com.tpe.SpringBootIntroApplication:No active profile set, falling back to 1 default profile: "default"
2022-06-23 17:12:22,661 INFO  [restartedMain] org.springframework.data.repository.config.RepositoryConfigurationDelegate:Bootstrapping Spring Data JPA repositories in DEFAULT mode.
2022-06-23 17:12:22,670 INFO  [restartedMain] org.springframework.data.repository.config.RepositoryConfigurationDelegate:Finished Spring Data repository scanning in 8 ms. Found 1 JPA repository interfaces.
2022-06-23 17:12:22,749 INFO  [restartedMain] org.springframework.boot.web.embedded.tomcat.TomcatWebServer:Tomcat initialized with port(s): 8080 (http)
2022-06-23 17:12:22,750 INFO  [restartedMain] org.apache.catalina.core.StandardService:Starting service [Tomcat]
2022-06-23 17:12:22,750 INFO  [restartedMain] org.apache.catalina.core.StandardEngine:Starting Servlet engine: [Apache Tomcat/9.0.63]
2022-06-23 17:12:22,768 INFO  [restartedMain] org.apache.catalina.core.ContainerBase.[Tomcat].[localhost].[/]:Initializing Spring embedded WebApplicationContext
2022-06-23 17:12:22,768 INFO  [restartedMain] org.springframework.boot.web.servlet.context.ServletWebServerApplicationContext:Root WebApplicationContext: initialization completed in 300 ms
2022-06-23 17:12:22,828 INFO  [restartedMain] org.hibernate.jpa.internal.util.LogHelper:HHH000204: Processing PersistenceUnitInfo [name: default]
2022-06-23 17:12:22,832 INFO  [restartedMain] com.zaxxer.hikari.HikariDataSource:HikariPool-5 - Starting...
2022-06-23 17:12:22,840 INFO  [restartedMain] com.zaxxer.hikari.HikariDataSource:HikariPool-5 - Start completed.
2022-06-23 17:12:22,840 INFO  [restartedMain] org.hibernate.dialect.Dialect:HHH000400: Using dialect: org.hibernate.dialect.MySQL8Dialect
2022-06-23 17:12:22,871 INFO  [restartedMain] org.hibernate.engine.transaction.jta.platform.internal.JtaPlatformInitiator:HHH000490: Using JtaPlatform implementation: [org.hibernate.engine.transaction.jta.platform.internal.NoJtaPlatform]
2022-06-23 17:12:22,871 INFO  [restartedMain] org.springframework.orm.jpa.LocalContainerEntityManagerFactoryBean:Initialized JPA EntityManagerFactory for persistence unit 'default'
2022-06-23 17:12:22,946 WARN  [restartedMain] org.springframework.boot.autoconfigure.orm.jpa.JpaBaseConfiguration$JpaWebConfiguration:spring.jpa.open-in-view is enabled by default. Therefore, database queries may be performed during view rendering. Explicitly configure spring.jpa.open-in-view to disable this warning
2022-06-23 17:12:23,181 INFO  [restartedMain] org.springframework.security.web.DefaultSecurityFilterChain:Will secure any request with [org.springframework.security.web.context.request.async.WebAsyncManagerIntegrationFilter@16fbf67f, org.springframework.security.web.context.SecurityContextPersistenceFilter@68a81695, org.springframework.security.web.header.HeaderWriterFilter@5b01bd1b, org.springframework.security.web.authentication.logout.LogoutFilter@18cac5b1, org.springframework.security.web.authentication.www.BasicAuthenticationFilter@6e2b096a, org.springframework.security.web.savedrequest.RequestCacheAwareFilter@3bd29f62, org.springframework.security.web.servletapi.SecurityContextHolderAwareRequestFilter@6ded0466, org.springframework.security.web.authentication.AnonymousAuthenticationFilter@1408a10e, org.springframework.security.web.session.SessionManagementFilter@327de678, org.springframework.security.web.access.ExceptionTranslationFilter@690755cf, org.springframework.security.web.access.intercept.FilterSecurityInterceptor@50df68eb]
2022-06-23 17:12:23,337 INFO  [restartedMain] org.springframework.boot.devtools.autoconfigure.OptionalLiveReloadServer:LiveReload server is running on port 35729
2022-06-23 17:12:23,340 INFO  [restartedMain] org.springframework.boot.actuate.endpoint.web.EndpointLinksResolver:Exposing 1 endpoint(s) beneath base path '/actuator'
2022-06-23 17:12:23,361 INFO  [restartedMain] org.springframework.boot.web.embedded.tomcat.TomcatWebServer:Tomcat started on port(s): 8080 (http) with context path ''
2022-06-23 17:12:23,367 INFO  [restartedMain] com.tpe.SpringBootIntroApplication:Started SpringBootIntroApplication in 0.922 seconds (JVM running for 14148.899)
2022-06-23 17:12:23,369 INFO  [restartedMain] org.springframework.boot.devtools.autoconfigure.ConditionEvaluationDeltaLoggingListener:Condition evaluation unchanged
2022-06-23 17:18:17,789 INFO  [Thread-19] org.springframework.orm.jpa.LocalContainerEntityManagerFactoryBean:Closing JPA EntityManagerFactory for persistence unit 'default'
2022-06-23 17:18:17,789 INFO  [Thread-19] com.zaxxer.hikari.HikariDataSource:HikariPool-5 - Shutdown initiated...
2022-06-23 17:18:17,792 INFO  [Thread-19] com.zaxxer.hikari.HikariDataSource:HikariPool-5 - Shutdown completed.
2022-06-23 17:18:17,855 INFO  [restartedMain] com.tpe.SpringBootIntroApplication:Starting SpringBootIntroApplication using Java 17.0.2 on DESKTOP-1U063IB with PID 15608 (C:\Users\Furkan\Documents\workspace-spring-tool-suite-4-4.14.1.RELEASE\spring-boot-intro\target\classes started by Furkan in C:\Users\Furkan\Documents\workspace-spring-tool-suite-4-4.14.1.RELEASE\spring-boot-intro)
2022-06-23 17:18:17,856 DEBUG [restartedMain] com.tpe.SpringBootIntroApplication:Running with Spring Boot v2.6.8, Spring v5.3.20
2022-06-23 17:18:17,856 INFO  [restartedMain] com.tpe.SpringBootIntroApplication:No active profile set, falling back to 1 default profile: "default"
2022-06-23 17:18:18,053 INFO  [restartedMain] org.springframework.data.repository.config.RepositoryConfigurationDelegate:Bootstrapping Spring Data JPA repositories in DEFAULT mode.
2022-06-23 17:18:18,062 INFO  [restartedMain] org.springframework.data.repository.config.RepositoryConfigurationDelegate:Finished Spring Data repository scanning in 8 ms. Found 1 JPA repository interfaces.
2022-06-23 17:18:18,138 INFO  [restartedMain] org.springframework.boot.web.embedded.tomcat.TomcatWebServer:Tomcat initialized with port(s): 8080 (http)
2022-06-23 17:18:18,139 INFO  [restartedMain] org.apache.catalina.core.StandardService:Starting service [Tomcat]
2022-06-23 17:18:18,139 INFO  [restartedMain] org.apache.catalina.core.StandardEngine:Starting Servlet engine: [Apache Tomcat/9.0.63]
2022-06-23 17:18:18,162 INFO  [restartedMain] org.apache.catalina.core.ContainerBase.[Tomcat].[localhost].[/]:Initializing Spring embedded WebApplicationContext
2022-06-23 17:18:18,162 INFO  [restartedMain] org.springframework.boot.web.servlet.context.ServletWebServerApplicationContext:Root WebApplicationContext: initialization completed in 305 ms
2022-06-23 17:18:18,223 INFO  [restartedMain] org.hibernate.jpa.internal.util.LogHelper:HHH000204: Processing PersistenceUnitInfo [name: default]
2022-06-23 17:18:18,227 INFO  [restartedMain] com.zaxxer.hikari.HikariDataSource:HikariPool-6 - Starting...
2022-06-23 17:18:18,235 INFO  [restartedMain] com.zaxxer.hikari.HikariDataSource:HikariPool-6 - Start completed.
2022-06-23 17:18:18,236 INFO  [restartedMain] org.hibernate.dialect.Dialect:HHH000400: Using dialect: org.hibernate.dialect.MySQL8Dialect
2022-06-23 17:18:18,270 INFO  [restartedMain] org.hibernate.engine.transaction.jta.platform.internal.JtaPlatformInitiator:HHH000490: Using JtaPlatform implementation: [org.hibernate.engine.transaction.jta.platform.internal.NoJtaPlatform]
2022-06-23 17:18:18,270 INFO  [restartedMain] org.springframework.orm.jpa.LocalContainerEntityManagerFactoryBean:Initialized JPA EntityManagerFactory for persistence unit 'default'
2022-06-23 17:18:18,351 WARN  [restartedMain] org.springframework.boot.autoconfigure.orm.jpa.JpaBaseConfiguration$JpaWebConfiguration:spring.jpa.open-in-view is enabled by default. Therefore, database queries may be performed during view rendering. Explicitly configure spring.jpa.open-in-view to disable this warning
2022-06-23 17:18:18,585 INFO  [restartedMain] org.springframework.security.web.DefaultSecurityFilterChain:Will secure any request with [org.springframework.security.web.context.request.async.WebAsyncManagerIntegrationFilter@5fb06006, org.springframework.security.web.context.SecurityContextPersistenceFilter@673ea837, org.springframework.security.web.header.HeaderWriterFilter@36d69f33, org.springframework.security.web.authentication.logout.LogoutFilter@22d9f74a, org.springframework.security.web.authentication.www.BasicAuthenticationFilter@4a677563, org.springframework.security.web.savedrequest.RequestCacheAwareFilter@2d5580a1, org.springframework.security.web.servletapi.SecurityContextHolderAwareRequestFilter@2ff8bd3f, org.springframework.security.web.authentication.AnonymousAuthenticationFilter@2347dd4f, org.springframework.security.web.session.SessionManagementFilter@33e725c5, org.springframework.security.web.access.ExceptionTranslationFilter@3b8e25f4, org.springframework.security.web.access.intercept.FilterSecurityInterceptor@120790ee]
2022-06-23 17:18:18,724 INFO  [restartedMain] org.springframework.boot.devtools.autoconfigure.OptionalLiveReloadServer:LiveReload server is running on port 35729
2022-06-23 17:18:18,726 INFO  [restartedMain] org.springframework.boot.actuate.endpoint.web.EndpointLinksResolver:Exposing 1 endpoint(s) beneath base path '/actuator'
2022-06-23 17:18:18,745 INFO  [restartedMain] org.springframework.boot.web.embedded.tomcat.TomcatWebServer:Tomcat started on port(s): 8080 (http) with context path ''
2022-06-23 17:18:18,751 INFO  [restartedMain] com.tpe.SpringBootIntroApplication:Started SpringBootIntroApplication in 0.918 seconds (JVM running for 14504.282)
2022-06-23 17:18:18,753 INFO  [restartedMain] org.springframework.boot.devtools.autoconfigure.ConditionEvaluationDeltaLoggingListener:Condition evaluation unchanged
2022-06-23 17:18:25,336 INFO  [Thread-23] org.springframework.orm.jpa.LocalContainerEntityManagerFactoryBean:Closing JPA EntityManagerFactory for persistence unit 'default'
2022-06-23 17:18:25,336 INFO  [Thread-23] com.zaxxer.hikari.HikariDataSource:HikariPool-6 - Shutdown initiated...
2022-06-23 17:18:25,338 INFO  [Thread-23] com.zaxxer.hikari.HikariDataSource:HikariPool-6 - Shutdown completed.
2022-06-23 17:18:25,387 INFO  [restartedMain] com.tpe.SpringBootIntroApplication:Starting SpringBootIntroApplication using Java 17.0.2 on DESKTOP-1U063IB with PID 15608 (C:\Users\Furkan\Documents\workspace-spring-tool-suite-4-4.14.1.RELEASE\spring-boot-intro\target\classes started by Furkan in C:\Users\Furkan\Documents\workspace-spring-tool-suite-4-4.14.1.RELEASE\spring-boot-intro)
2022-06-23 17:18:25,387 DEBUG [restartedMain] com.tpe.SpringBootIntroApplication:Running with Spring Boot v2.6.8, Spring v5.3.20
2022-06-23 17:18:25,388 INFO  [restartedMain] com.tpe.SpringBootIntroApplication:No active profile set, falling back to 1 default profile: "default"
2022-06-23 17:18:25,568 INFO  [restartedMain] org.springframework.data.repository.config.RepositoryConfigurationDelegate:Bootstrapping Spring Data JPA repositories in DEFAULT mode.
2022-06-23 17:18:25,578 INFO  [restartedMain] org.springframework.data.repository.config.RepositoryConfigurationDelegate:Finished Spring Data repository scanning in 9 ms. Found 1 JPA repository interfaces.
2022-06-23 17:18:25,651 INFO  [restartedMain] org.springframework.boot.web.embedded.tomcat.TomcatWebServer:Tomcat initialized with port(s): 8080 (http)
2022-06-23 17:18:25,651 INFO  [restartedMain] org.apache.catalina.core.StandardService:Starting service [Tomcat]
2022-06-23 17:18:25,651 INFO  [restartedMain] org.apache.catalina.core.StandardEngine:Starting Servlet engine: [Apache Tomcat/9.0.63]
2022-06-23 17:18:25,671 INFO  [restartedMain] org.apache.catalina.core.ContainerBase.[Tomcat].[localhost].[/]:Initializing Spring embedded WebApplicationContext
2022-06-23 17:18:25,671 INFO  [restartedMain] org.springframework.boot.web.servlet.context.ServletWebServerApplicationContext:Root WebApplicationContext: initialization completed in 282 ms
2022-06-23 17:18:25,727 INFO  [restartedMain] org.hibernate.jpa.internal.util.LogHelper:HHH000204: Processing PersistenceUnitInfo [name: default]
2022-06-23 17:18:25,730 INFO  [restartedMain] com.zaxxer.hikari.HikariDataSource:HikariPool-7 - Starting...
2022-06-23 17:18:25,736 INFO  [restartedMain] com.zaxxer.hikari.HikariDataSource:HikariPool-7 - Start completed.
2022-06-23 17:18:25,737 INFO  [restartedMain] org.hibernate.dialect.Dialect:HHH000400: Using dialect: org.hibernate.dialect.MySQL8Dialect
2022-06-23 17:18:25,769 INFO  [restartedMain] org.hibernate.engine.transaction.jta.platform.internal.JtaPlatformInitiator:HHH000490: Using JtaPlatform implementation: [org.hibernate.engine.transaction.jta.platform.internal.NoJtaPlatform]
2022-06-23 17:18:25,769 INFO  [restartedMain] org.springframework.orm.jpa.LocalContainerEntityManagerFactoryBean:Initialized JPA EntityManagerFactory for persistence unit 'default'
2022-06-23 17:18:25,842 WARN  [restartedMain] org.springframework.boot.autoconfigure.orm.jpa.JpaBaseConfiguration$JpaWebConfiguration:spring.jpa.open-in-view is enabled by default. Therefore, database queries may be performed during view rendering. Explicitly configure spring.jpa.open-in-view to disable this warning
2022-06-23 17:18:26,079 INFO  [restartedMain] org.springframework.security.web.DefaultSecurityFilterChain:Will secure any request with [org.springframework.security.web.context.request.async.WebAsyncManagerIntegrationFilter@626b7b5a, org.springframework.security.web.context.SecurityContextPersistenceFilter@6c75f29f, org.springframework.security.web.header.HeaderWriterFilter@3c919956, org.springframework.security.web.authentication.logout.LogoutFilter@725a7c58, org.springframework.security.web.authentication.www.BasicAuthenticationFilter@4f31b67b, org.springframework.security.web.savedrequest.RequestCacheAwareFilter@6a4cbf43, org.springframework.security.web.servletapi.SecurityContextHolderAwareRequestFilter@5aa7d075, org.springframework.security.web.authentication.AnonymousAuthenticationFilter@605a250a, org.springframework.security.web.session.SessionManagementFilter@4385063d, org.springframework.security.web.access.ExceptionTranslationFilter@3206873d, org.springframework.security.web.access.intercept.FilterSecurityInterceptor@7eb51a63]
2022-06-23 17:18:26,242 INFO  [restartedMain] org.springframework.boot.devtools.autoconfigure.OptionalLiveReloadServer:LiveReload server is running on port 35729
2022-06-23 17:18:26,244 INFO  [restartedMain] org.springframework.boot.actuate.endpoint.web.EndpointLinksResolver:Exposing 1 endpoint(s) beneath base path '/actuator'
2022-06-23 17:18:26,264 INFO  [restartedMain] org.springframework.boot.web.embedded.tomcat.TomcatWebServer:Tomcat started on port(s): 8080 (http) with context path ''
2022-06-23 17:18:26,270 INFO  [restartedMain] com.tpe.SpringBootIntroApplication:Started SpringBootIntroApplication in 0.901 seconds (JVM running for 14511.802)
2022-06-23 17:18:26,271 INFO  [restartedMain] org.springframework.boot.devtools.autoconfigure.ConditionEvaluationDeltaLoggingListener:Condition evaluation unchanged
2022-06-23 17:19:02,706 INFO  [Thread-27] org.springframework.orm.jpa.LocalContainerEntityManagerFactoryBean:Closing JPA EntityManagerFactory for persistence unit 'default'
2022-06-23 17:19:02,706 INFO  [Thread-27] com.zaxxer.hikari.HikariDataSource:HikariPool-7 - Shutdown initiated...
2022-06-23 17:19:02,708 INFO  [Thread-27] com.zaxxer.hikari.HikariDataSource:HikariPool-7 - Shutdown completed.
2022-06-23 17:19:02,762 INFO  [restartedMain] com.tpe.SpringBootIntroApplication:Starting SpringBootIntroApplication using Java 17.0.2 on DESKTOP-1U063IB with PID 15608 (C:\Users\Furkan\Documents\workspace-spring-tool-suite-4-4.14.1.RELEASE\spring-boot-intro\target\classes started by Furkan in C:\Users\Furkan\Documents\workspace-spring-tool-suite-4-4.14.1.RELEASE\spring-boot-intro)
2022-06-23 17:19:02,762 DEBUG [restartedMain] com.tpe.SpringBootIntroApplication:Running with Spring Boot v2.6.8, Spring v5.3.20
2022-06-23 17:19:02,762 INFO  [restartedMain] com.tpe.SpringBootIntroApplication:No active profile set, falling back to 1 default profile: "default"
2022-06-23 17:19:02,964 INFO  [restartedMain] org.springframework.data.repository.config.RepositoryConfigurationDelegate:Bootstrapping Spring Data JPA repositories in DEFAULT mode.
2022-06-23 17:19:02,974 INFO  [restartedMain] org.springframework.data.repository.config.RepositoryConfigurationDelegate:Finished Spring Data repository scanning in 10 ms. Found 1 JPA repository interfaces.
2022-06-23 17:19:03,049 INFO  [restartedMain] org.springframework.boot.web.embedded.tomcat.TomcatWebServer:Tomcat initialized with port(s): 8080 (http)
2022-06-23 17:19:03,049 INFO  [restartedMain] org.apache.catalina.core.StandardService:Starting service [Tomcat]
2022-06-23 17:19:03,049 INFO  [restartedMain] org.apache.catalina.core.StandardEngine:Starting Servlet engine: [Apache Tomcat/9.0.63]
2022-06-23 17:19:03,069 INFO  [restartedMain] org.apache.catalina.core.ContainerBase.[Tomcat].[localhost].[/]:Initializing Spring embedded WebApplicationContext
2022-06-23 17:19:03,069 INFO  [restartedMain] org.springframework.boot.web.servlet.context.ServletWebServerApplicationContext:Root WebApplicationContext: initialization completed in 306 ms
2022-06-23 17:19:03,129 INFO  [restartedMain] org.hibernate.jpa.internal.util.LogHelper:HHH000204: Processing PersistenceUnitInfo [name: default]
2022-06-23 17:19:03,132 INFO  [restartedMain] com.zaxxer.hikari.HikariDataSource:HikariPool-8 - Starting...
2022-06-23 17:19:03,141 INFO  [restartedMain] com.zaxxer.hikari.HikariDataSource:HikariPool-8 - Start completed.
2022-06-23 17:19:03,141 INFO  [restartedMain] org.hibernate.dialect.Dialect:HHH000400: Using dialect: org.hibernate.dialect.MySQL8Dialect
2022-06-23 17:19:03,150 ERROR [restartedMain] org.springframework.orm.jpa.LocalContainerEntityManagerFactoryBean:Failed to initialize JPA EntityManagerFactory: Use of @OneToMany or @ManyToMany targeting an unmapped class: com.tpe.domain.User.roles[com.tpe.domain.Role]
2022-06-23 17:19:03,150 WARN  [restartedMain] org.springframework.boot.web.servlet.context.AnnotationConfigServletWebServerApplicationContext:Exception encountered during context initialization - cancelling refresh attempt: org.springframework.beans.factory.BeanCreationException: Error creating bean with name 'entityManagerFactory' defined in class path resource [org/springframework/boot/autoconfigure/orm/jpa/HibernateJpaConfiguration.class]: Invocation of init method failed; nested exception is org.hibernate.AnnotationException: Use of @OneToMany or @ManyToMany targeting an unmapped class: com.tpe.domain.User.roles[com.tpe.domain.Role]
2022-06-23 17:19:03,151 INFO  [restartedMain] com.zaxxer.hikari.HikariDataSource:HikariPool-8 - Shutdown initiated...
2022-06-23 17:19:03,151 INFO  [restartedMain] com.zaxxer.hikari.HikariDataSource:HikariPool-8 - Shutdown completed.
2022-06-23 17:19:03,152 INFO  [restartedMain] org.apache.catalina.core.StandardService:Stopping service [Tomcat]
2022-06-23 17:19:03,160 INFO  [restartedMain] org.springframework.boot.autoconfigure.logging.ConditionEvaluationReportLoggingListener:

Error starting ApplicationContext. To display the conditions report re-run your application with 'debug' enabled.
2022-06-23 17:19:03,178 ERROR [restartedMain] org.springframework.boot.SpringApplication:Application run failed
org.springframework.beans.factory.BeanCreationException: Error creating bean with name 'entityManagerFactory' defined in class path resource [org/springframework/boot/autoconfigure/orm/jpa/HibernateJpaConfiguration.class]: Invocation of init method failed; nested exception is org.hibernate.AnnotationException: Use of @OneToMany or @ManyToMany targeting an unmapped class: com.tpe.domain.User.roles[com.tpe.domain.Role]
	at org.springframework.beans.factory.support.AbstractAutowireCapableBeanFactory.initializeBean(AbstractAutowireCapableBeanFactory.java:1804) ~[spring-beans-5.3.20.jar:5.3.20]
	at org.springframework.beans.factory.support.AbstractAutowireCapableBeanFactory.doCreateBean(AbstractAutowireCapableBeanFactory.java:620) ~[spring-beans-5.3.20.jar:5.3.20]
	at org.springframework.beans.factory.support.AbstractAutowireCapableBeanFactory.createBean(AbstractAutowireCapableBeanFactory.java:542) ~[spring-beans-5.3.20.jar:5.3.20]
	at org.springframework.beans.factory.support.AbstractBeanFactory.lambda$doGetBean$0(AbstractBeanFactory.java:335) ~[spring-beans-5.3.20.jar:5.3.20]
	at org.springframework.beans.factory.support.DefaultSingletonBeanRegistry.getSingleton(DefaultSingletonBeanRegistry.java:234) ~[spring-beans-5.3.20.jar:5.3.20]
	at org.springframework.beans.factory.support.AbstractBeanFactory.doGetBean(AbstractBeanFactory.java:333) ~[spring-beans-5.3.20.jar:5.3.20]
	at org.springframework.beans.factory.support.AbstractBeanFactory.getBean(AbstractBeanFactory.java:208) ~[spring-beans-5.3.20.jar:5.3.20]
	at org.springframework.context.support.AbstractApplicationContext.getBean(AbstractApplicationContext.java:1154) ~[spring-context-5.3.20.jar:5.3.20]
	at org.springframework.context.support.AbstractApplicationContext.finishBeanFactoryInitialization(AbstractApplicationContext.java:908) ~[spring-context-5.3.20.jar:5.3.20]
	at org.springframework.context.support.AbstractApplicationContext.refresh(AbstractApplicationContext.java:583) ~[spring-context-5.3.20.jar:5.3.20]
	at org.springframework.boot.web.servlet.context.ServletWebServerApplicationContext.refresh(ServletWebServerApplicationContext.java:145) ~[spring-boot-2.6.8.jar:2.6.8]
	at org.springframework.boot.SpringApplication.refresh(SpringApplication.java:745) ~[spring-boot-2.6.8.jar:2.6.8]
	at org.springframework.boot.SpringApplication.refreshContext(SpringApplication.java:420) ~[spring-boot-2.6.8.jar:2.6.8]
	at org.springframework.boot.SpringApplication.run(SpringApplication.java:307) ~[spring-boot-2.6.8.jar:2.6.8]
	at org.springframework.boot.SpringApplication.run(SpringApplication.java:1317) ~[spring-boot-2.6.8.jar:2.6.8]
	at org.springframework.boot.SpringApplication.run(SpringApplication.java:1306) ~[spring-boot-2.6.8.jar:2.6.8]
	at com.tpe.SpringBootIntroApplication.main(SpringBootIntroApplication.java:12) ~[classes/:na]
	at java.base/jdk.internal.reflect.NativeMethodAccessorImpl.invoke0(Native Method) ~[na:na]
	at java.base/jdk.internal.reflect.NativeMethodAccessorImpl.invoke(NativeMethodAccessorImpl.java:77) ~[na:na]
	at java.base/jdk.internal.reflect.DelegatingMethodAccessorImpl.invoke(DelegatingMethodAccessorImpl.java:43) ~[na:na]
	at java.base/java.lang.reflect.Method.invoke(Method.java:568) ~[na:na]
	at org.springframework.boot.devtools.restart.RestartLauncher.run(RestartLauncher.java:49) ~[spring-boot-devtools-2.6.8.jar:2.6.8]
Caused by: org.hibernate.AnnotationException: Use of @OneToMany or @ManyToMany targeting an unmapped class: com.tpe.domain.User.roles[com.tpe.domain.Role]
	at org.hibernate.cfg.annotations.CollectionBinder.bindManyToManySecondPass(CollectionBinder.java:1378) ~[hibernate-core-5.6.9.Final.jar:5.6.9.Final]
	at org.hibernate.cfg.annotations.CollectionBinder.bindStarToManySecondPass(CollectionBinder.java:901) ~[hibernate-core-5.6.9.Final.jar:5.6.9.Final]
	at org.hibernate.cfg.annotations.CollectionBinder$1.secondPass(CollectionBinder.java:826) ~[hibernate-core-5.6.9.Final.jar:5.6.9.Final]
	at org.hibernate.cfg.CollectionSecondPass.doSecondPass(CollectionSecondPass.java:54) ~[hibernate-core-5.6.9.Final.jar:5.6.9.Final]
	at org.hibernate.boot.internal.InFlightMetadataCollectorImpl.processSecondPasses(InFlightMetadataCollectorImpl.java:1653) ~[hibernate-core-5.6.9.Final.jar:5.6.9.Final]
	at org.hibernate.boot.internal.InFlightMetadataCollectorImpl.processSecondPasses(InFlightMetadataCollectorImpl.java:1629) ~[hibernate-core-5.6.9.Final.jar:5.6.9.Final]
	at org.hibernate.boot.model.process.spi.MetadataBuildingProcess.complete(MetadataBuildingProcess.java:295) ~[hibernate-core-5.6.9.Final.jar:5.6.9.Final]
	at org.hibernate.jpa.boot.internal.EntityManagerFactoryBuilderImpl.metadata(EntityManagerFactoryBuilderImpl.java:1460) ~[hibernate-core-5.6.9.Final.jar:5.6.9.Final]
	at org.hibernate.jpa.boot.internal.EntityManagerFactoryBuilderImpl.build(EntityManagerFactoryBuilderImpl.java:1494) ~[hibernate-core-5.6.9.Final.jar:5.6.9.Final]
	at org.springframework.orm.jpa.vendor.SpringHibernateJpaPersistenceProvider.createContainerEntityManagerFactory(SpringHibernateJpaPersistenceProvider.java:58) ~[spring-orm-5.3.20.jar:5.3.20]
	at org.springframework.orm.jpa.LocalContainerEntityManagerFactoryBean.createNativeEntityManagerFactory(LocalContainerEntityManagerFactoryBean.java:365) ~[spring-orm-5.3.20.jar:5.3.20]
	at org.springframework.orm.jpa.AbstractEntityManagerFactoryBean.buildNativeEntityManagerFactory(AbstractEntityManagerFactoryBean.java:409) ~[spring-orm-5.3.20.jar:5.3.20]
	at org.springframework.orm.jpa.AbstractEntityManagerFactoryBean.afterPropertiesSet(AbstractEntityManagerFactoryBean.java:396) ~[spring-orm-5.3.20.jar:5.3.20]
	at org.springframework.orm.jpa.LocalContainerEntityManagerFactoryBean.afterPropertiesSet(LocalContainerEntityManagerFactoryBean.java:341) ~[spring-orm-5.3.20.jar:5.3.20]
	at org.springframework.beans.factory.support.AbstractAutowireCapableBeanFactory.invokeInitMethods(AbstractAutowireCapableBeanFactory.java:1863) ~[spring-beans-5.3.20.jar:5.3.20]
	at org.springframework.beans.factory.support.AbstractAutowireCapableBeanFactory.initializeBean(AbstractAutowireCapableBeanFactory.java:1800) ~[spring-beans-5.3.20.jar:5.3.20]
	... 21 common frames omitted
